<?xml version="1.0" encoding="utf-8"?><testsuites name="pytest tests"><testsuite name="pytest" errors="0" failures="0" skipped="0" tests="11" time="4.077" timestamp="2026-02-07T17:51:20.859716+00:00" hostname="agent-env-090c3bbf-490e-48db-b31a-39d0999c6425"><testcase classname="backend.tests.test_shopify_carriers.TestShopifyIntegration" name="test_shopify_configure_endpoint_exists" time="0.397" /><testcase classname="backend.tests.test_shopify_carriers.TestShopifyIntegration" name="test_shopify_sync_orders_endpoint_exists" time="0.572" /><testcase classname="backend.tests.test_shopify_carriers.TestCarrierIntegration" name="test_carriers_list_endpoint" time="0.309" /><testcase classname="backend.tests.test_shopify_carriers.TestCarrierIntegration" name="test_carrier_rates_endpoint" time="0.299" /><testcase classname="backend.tests.test_shopify_carriers.TestCarrierIntegration" name="test_create_shipment_demo_mode_colissimo" time="0.350" /><testcase classname="backend.tests.test_shopify_carriers.TestCarrierIntegration" name="test_create_shipment_demo_mode_chronopost" time="0.365" /><testcase classname="backend.tests.test_shopify_carriers.TestCarrierIntegration" name="test_carrier_configure_endpoint" time="0.318" /><testcase classname="backend.tests.test_shopify_carriers.TestIntegrationsPage" name="test_integrations_list" time="0.302" /><testcase classname="backend.tests.test_shopify_carriers.TestIntegrationsPage" name="test_available_platforms" time="0.290" /><testcase classname="backend.tests.test_shopify_carriers.TestOrdersWithShipping" name="test_orders_list_with_tracking" time="0.300" /><testcase classname="backend.tests.test_shopify_carriers.TestOrdersWithShipping" name="test_order_status_filter" time="0.446" /></testsuite></testsuites>